[handleMsg]:  {
  key: {
    remoteJid: '5493794051686@s.whatsapp.net',
    fromMe: false,
    id: '3EB0BB1BB6824E5745B129',
    participant: undefined
  },
  messageTimestamp: 1721616859,
  pushName: 'Jorge Jara',
  broadcast: false,
  message: Message {
    conversation: 'Hola Nico',
    messageContextInfo: MessageContextInfo {
      deviceListMetadata: [DeviceListMetadata],
      deviceListMetadataVersion: 2
    }
  },
  verifiedBizName: 'Jorge Jara',
  body: 'Hola Nico',
  from: '5493794051686'
}
[QUEUE_SE_ENVIO]:  {
  ref: 'ans_ba624e43-95f1-4c48-aff5-2070edbd367b',
  keyword: 'key_0d1fd751-5116-43ec-ab9d-9084ebfaf720',
  answer: '__call_action__',
  options: {
    media: null,
    buttons: [],
    capture: false,
    child: null,
    delay: 0,
    idle: null,
    ref: null,
    nested: [],
    keyword: {},
    callback: true
  },
  refSerialize: 'c37deceb161b3f0f9d45751ff45b6300'
}
[handleMsg]:  {
  key: {
    remoteJid: '5493794051686@s.whatsapp.net',
    fromMe: false,
    id: '3EB07A208F2901AA2F8D0B',
    participant: undefined
  },
  messageTimestamp: 1721616860,
  pushName: 'Jorge Jara',
  broadcast: false,
  message: Message {
    protocolMessage: ProtocolMessage {
      type: 4,
      ephemeralExpiration: 0,
      ephemeralSettingTimestamp: [Long],
      disappearingMode: [DisappearingMode]
    },
    messageContextInfo: MessageContextInfo {
      deviceListMetadata: [DeviceListMetadata],
      deviceListMetadataVersion: 2
    }
  },
  verifiedBizName: 'Jorge Jara',
  body: '',
  from: '5493794051686'
}
[handleMsg]:  {
  key: {
    remoteJid: '5493794051686@s.whatsapp.net',
    fromMe: false,
    id: '3EB0CF8CA4641B55EA9D30',
    participant: undefined
  },
  messageTimestamp: 1721616865,
  pushName: 'Jorge Jara',
  broadcast: false,
  message: Message {
    conversation: 'ola nico',
    messageContextInfo: MessageContextInfo {
      deviceListMetadata: [DeviceListMetadata],
      deviceListMetadataVersion: 2
    }
  },
  verifiedBizName: 'Jorge Jara',
  body: 'ola nico',
  from: '5493794051686'
}
[QUEUE_SE_ENVIO]:  {
  ref: 'ans_ba624e43-95f1-4c48-aff5-2070edbd367b',
  keyword: 'key_0d1fd751-5116-43ec-ab9d-9084ebfaf720',
  answer: '__call_action__',
  options: {
    media: null,
    buttons: [],
    capture: false,
    child: null,
    delay: 0,
    idle: null,
    ref: null,
    nested: [],
    keyword: {},
    callback: true
  },
  refSerialize: 'c37deceb161b3f0f9d45751ff45b6300'
}
[handleMsg]:  {
  key: {
    remoteJid: '5493794051686@s.whatsapp.net',
    fromMe: false,
    id: '3EB046C5180FF6B29E7D21',
    participant: undefined
  },
  messageTimestamp: 1721616868,
  pushName: 'Jorge Jara',
  broadcast: false,
  message: Message {
    conversation: 'nico',
    messageContextInfo: MessageContextInfo {
      deviceListMetadata: [DeviceListMetadata],
      deviceListMetadataVersion: 2
    }
  },
  verifiedBizName: 'Jorge Jara',
  body: 'nico',
  from: '5493794051686'
}
[QUEUE_SE_ENVIO]:  {
  ref: 'ans_ba624e43-95f1-4c48-aff5-2070edbd367b',
  keyword: 'key_0d1fd751-5116-43ec-ab9d-9084ebfaf720',
  answer: '__call_action__',
  options: {
    media: null,
    buttons: [],
    capture: false,
    child: null,
    delay: 0,
    idle: null,
    ref: null,
    nested: [],
    keyword: {},
    callback: true
  },
  refSerialize: 'c37deceb161b3f0f9d45751ff45b6300'
}
[handleMsg]:  {
  key: {
    remoteJid: '5493794051686@s.whatsapp.net',
    fromMe: false,
    id: '3EB06BE562378BC0AA17EF',
    participant: undefined
  },
  messageTimestamp: 1721616873,
  pushName: 'Jorge Jara',
  broadcast: false,
  message: Message {
    conversation: 'Nico',
    messageContextInfo: MessageContextInfo {
      deviceListMetadata: [DeviceListMetadata],
      deviceListMetadataVersion: 2
    }
  },
  verifiedBizName: 'Jorge Jara',
  body: 'Nico',
  from: '5493794051686'
}
[QUEUE_SE_ENVIO]:  {
  ref: 'ans_ba624e43-95f1-4c48-aff5-2070edbd367b',
  keyword: 'key_0d1fd751-5116-43ec-ab9d-9084ebfaf720',
  answer: '__call_action__',
  options: {
    media: null,
    buttons: [],
    capture: false,
    child: null,
    delay: 0,
    idle: null,
    ref: null,
    nested: [],
    keyword: {},
    callback: true
  },
  refSerialize: 'c37deceb161b3f0f9d45751ff45b6300'
}
[handleMsg]:  {
  key: {
    remoteJid: '5493794051686@s.whatsapp.net',
    fromMe: false,
    id: '3EB0AFCFED22C334950980',
    participant: undefined
  },
  messageTimestamp: 1721616878,
  pushName: 'Jorge Jara',
  broadcast: false,
  message: Message {
    conversation: 'menu',
    messageContextInfo: MessageContextInfo {
      deviceListMetadata: [DeviceListMetadata],
      deviceListMetadataVersion: 2
    }
  },
  verifiedBizName: 'Jorge Jara',
  body: 'menu',
  from: '5493794051686'
}
[QUEUE_SE_ENVIO]:  {
  ref: 'ans_ba624e43-95f1-4c48-aff5-2070edbd367b',
  keyword: 'key_0d1fd751-5116-43ec-ab9d-9084ebfaf720',
  answer: '__call_action__',
  options: {
    media: null,
    buttons: [],
    capture: false,
    child: null,
    delay: 0,
    idle: null,
    ref: null,
    nested: [],
    keyword: {},
    callback: true
  },
  refSerialize: 'c37deceb161b3f0f9d45751ff45b6300'
}
[handleMsg]:  {
  key: {
    remoteJid: '5493794051686@s.whatsapp.net',
    fromMe: false,
    id: '3EB02034BDBB1B2E306989',
    participant: undefined
  },
  messageTimestamp: 1721616883,
  pushName: 'Jorge Jara',
  broadcast: false,
  message: Message {
    conversation: '0',
    messageContextInfo: MessageContextInfo {
      deviceListMetadata: [DeviceListMetadata],
      deviceListMetadataVersion: 2
    }
  },
  verifiedBizName: 'Jorge Jara',
  body: '0',
  from: '5493794051686'
}
[handleMsg]:  {
  key: {
    remoteJid: '5493794051686@s.whatsapp.net',
    fromMe: false,
    id: '3EB08014380D42D652490B',
    participant: undefined
  },
  messageTimestamp: 1721616914,
  pushName: 'Jorge Jara',
  broadcast: false,
  message: Message {
    conversation: 'Nico',
    messageContextInfo: MessageContextInfo {
      deviceListMetadata: [DeviceListMetadata],
      deviceListMetadataVersion: 2
    }
  },
  verifiedBizName: 'Jorge Jara',
  body: 'Nico',
  from: '5493794051686'
}
[QUEUE_SE_ENVIO]:  {
  ref: 'ans_ba624e43-95f1-4c48-aff5-2070edbd367b',
  keyword: 'key_0d1fd751-5116-43ec-ab9d-9084ebfaf720',
  answer: '__call_action__',
  options: {
    media: null,
    buttons: [],
    capture: false,
    child: null,
    delay: 0,
    idle: null,
    ref: null,
    nested: [],
    keyword: {},
    callback: true
  },
  refSerialize: 'c37deceb161b3f0f9d45751ff45b6300'
}
[handleMsg]:  {
  key: {
    remoteJid: '5493794051686@s.whatsapp.net',
    fromMe: false,
    id: '3EB04AD3AE392F6CD79E65',
    participant: undefined
  },
  messageTimestamp: 1721616920,
  pushName: 'Jorge Jara',
  broadcast: false,
  message: Message {
    conversation: 'menu',
    messageContextInfo: MessageContextInfo {
      deviceListMetadata: [DeviceListMetadata],
      deviceListMetadataVersion: 2
    }
  },
  verifiedBizName: 'Jorge Jara',
  body: 'menu',
  from: '5493794051686'
}
[QUEUE_SE_ENVIO]:  {
  ref: 'ans_ba624e43-95f1-4c48-aff5-2070edbd367b',
  keyword: 'key_0d1fd751-5116-43ec-ab9d-9084ebfaf720',
  answer: '__call_action__',
  options: {
    media: null,
    buttons: [],
    capture: false,
    child: null,
    delay: 0,
    idle: null,
    ref: null,
    nested: [],
    keyword: {},
    callback: true
  },
  refSerialize: 'c37deceb161b3f0f9d45751ff45b6300'
}
[handleMsg]:  {
  key: {
    remoteJid: '5493794051686@s.whatsapp.net',
    fromMe: false,
    id: '3EB01F5CE7C6A8448D9E53',
    participant: undefined
  },
  messageTimestamp: 1721616939,
  pushName: 'Jorge Jara',
  broadcast: false,
  message: Message {
    conversation: 'ola Nico',
    messageContextInfo: MessageContextInfo {
      deviceListMetadata: [DeviceListMetadata],
      deviceListMetadataVersion: 2
    }
  },
  verifiedBizName: 'Jorge Jara',
  body: 'ola Nico',
  from: '5493794051686'
}
[handleMsg]:  {
  key: {
    remoteJid: '5493794051686@s.whatsapp.net',
    fromMe: false,
    id: '3EB06A19FE0E0650F1344B',
    participant: undefined
  },
  messageTimestamp: 1721616942,
  pushName: 'Jorge Jara',
  broadcast: false,
  message: Message {
    conversation: '0',
    messageContextInfo: MessageContextInfo {
      deviceListMetadata: [DeviceListMetadata],
      deviceListMetadataVersion: 2
    }
  },
  verifiedBizName: 'Jorge Jara',
  body: '0',
  from: '5493794051686'
}
[handleMsg]:  {
  key: {
    remoteJid: '5493794051686@s.whatsapp.net',
    fromMe: false,
    id: '3EB0D29EB65BF57D6AFCF8',
    participant: undefined
  },
  messageTimestamp: 1721616948,
  pushName: 'Jorge Jara',
  broadcast: false,
  message: Message {
    conversation: 'Ola Nico',
    messageContextInfo: MessageContextInfo {
      deviceListMetadata: [DeviceListMetadata],
      deviceListMetadataVersion: 2
    }
  },
  verifiedBizName: 'Jorge Jara',
  body: 'Ola Nico',
  from: '5493794051686'
}
[QUEUE_SE_ENVIO]:  {
  ref: 'ans_ba624e43-95f1-4c48-aff5-2070edbd367b',
  keyword: 'key_0d1fd751-5116-43ec-ab9d-9084ebfaf720',
  answer: '__call_action__',
  options: {
    media: null,
    buttons: [],
    capture: false,
    child: null,
    delay: 0,
    idle: null,
    ref: null,
    nested: [],
    keyword: {},
    callback: true
  },
  refSerialize: 'c37deceb161b3f0f9d45751ff45b6300'
}
[handleMsg]:  {
  key: {
    remoteJid: '5493794051686@s.whatsapp.net',
    fromMe: false,
    id: '3EB00E7754D1E48E697302',
    participant: undefined
  },
  messageTimestamp: 1721616948,
  pushName: 'Jorge Jara',
  broadcast: false,
  message: Message {
    protocolMessage: ProtocolMessage {
      type: 4,
      ephemeralExpiration: 0,
      ephemeralSettingTimestamp: [Long],
      disappearingMode: [DisappearingMode]
    },
    messageContextInfo: MessageContextInfo {
      deviceListMetadata: [DeviceListMetadata],
      deviceListMetadataVersion: 2
    }
  },
  verifiedBizName: 'Jorge Jara',
  body: '',
  from: '5493794051686'
}
[handleMsg]:  {
  key: {
    remoteJid: '5493794051686@s.whatsapp.net',
    fromMe: false,
    id: '3EB029605A8846AE36C4E3',
    participant: undefined
  },
  messageTimestamp: 1721616955,
  pushName: 'Jorge Jara',
  broadcast: false,
  message: Message {
    conversation: 'Buenas tardes',
    messageContextInfo: MessageContextInfo {
      deviceListMetadata: [DeviceListMetadata],
      deviceListMetadataVersion: 2
    }
  },
  verifiedBizName: 'Jorge Jara',
  body: 'Buenas tardes',
  from: '5493794051686'
}
[QUEUE_SE_ENVIO]:  {
  ref: 'ans_ba624e43-95f1-4c48-aff5-2070edbd367b',
  keyword: 'key_0d1fd751-5116-43ec-ab9d-9084ebfaf720',
  answer: '__call_action__',
  options: {
    media: null,
    buttons: [],
    capture: false,
    child: null,
    delay: 0,
    idle: null,
    ref: null,
    nested: [],
    keyword: {},
    callback: true
  },
  refSerialize: 'c37deceb161b3f0f9d45751ff45b6300'
}
[handleMsg]:  {
  key: {
    remoteJid: '5493794051686@s.whatsapp.net',
    fromMe: false,
    id: '3EB05DBFFCBF3ED6D110EA',
    participant: undefined
  },
  messageTimestamp: 1721616962,
  pushName: 'Jorge Jara',
  broadcast: false,
  message: Message {
    conversation: 'buenas noches',
    messageContextInfo: MessageContextInfo {
      deviceListMetadata: [DeviceListMetadata],
      deviceListMetadataVersion: 2
    }
  },
  verifiedBizName: 'Jorge Jara',
  body: 'buenas noches',
  from: '5493794051686'
}
[QUEUE_SE_ENVIO]:  {
  ref: 'ans_ba624e43-95f1-4c48-aff5-2070edbd367b',
  keyword: 'key_0d1fd751-5116-43ec-ab9d-9084ebfaf720',
  answer: '__call_action__',
  options: {
    media: null,
    buttons: [],
    capture: false,
    child: null,
    delay: 0,
    idle: null,
    ref: null,
    nested: [],
    keyword: {},
    callback: true
  },
  refSerialize: 'c37deceb161b3f0f9d45751ff45b6300'
}
[handleMsg]:  {
  key: {
    remoteJid: '5493794051686@s.whatsapp.net',
    fromMe: false,
    id: '3EB0DC6CBD789A7D423A78',
    participant: undefined
  },
  messageTimestamp: 1721616972,
  pushName: 'Jorge Jara',
  broadcast: false,
  message: Message {
    conversation: 'hola Robot',
    messageContextInfo: MessageContextInfo {
      deviceListMetadata: [DeviceListMetadata],
      deviceListMetadataVersion: 2
    }
  },
  verifiedBizName: 'Jorge Jara',
  body: 'hola Robot',
  from: '5493794051686'
}
[QUEUE_SE_ENVIO]:  {
  ref: 'ans_ba624e43-95f1-4c48-aff5-2070edbd367b',
  keyword: 'key_0d1fd751-5116-43ec-ab9d-9084ebfaf720',
  answer: '__call_action__',
  options: {
    media: null,
    buttons: [],
    capture: false,
    child: null,
    delay: 0,
    idle: null,
    ref: null,
    nested: [],
    keyword: {},
    callback: true
  },
  refSerialize: 'c37deceb161b3f0f9d45751ff45b6300'
}
