5493794051686:ENCOLADO ans_17759235-5135-46f5-9d08-7d399452118e
EJECUTANDO:ans_17759235-5135-46f5-9d08-7d399452118e
5493794051686:SUCCESS
5493794051686:ENCOLADO ans_6e63b36f-a72b-4210-b872-c2f038c8b487
EJECUTANDO:ans_6e63b36f-a72b-4210-b872-c2f038c8b487
5493794051686:SUCCESS
5493794051686:ENCOLADO ans_04a9d3e6-df1b-47b4-866a-0bee85ad5533
EJECUTANDO:ans_04a9d3e6-df1b-47b4-866a-0bee85ad5533
5493794051686:SUCCESS
5493794051686:ENCOLADO ans_e34f839e-5e59-4dee-8d8d-51b9b0aacebf
EJECUTANDO:ans_e34f839e-5e59-4dee-8d8d-51b9b0aacebf
5493794051686:SUCCESS
5493794051686:ENCOLADO ans_c30686e8-effe-42e8-8099-7ee52f22746a
EJECUTANDO:ans_c30686e8-effe-42e8-8099-7ee52f22746a
5493794051686:SUCCESS
5493794051686:ENCOLADO ans_9f90f494-ed0b-44dc-8420-0c1ce8fc66f8
EJECUTANDO:ans_9f90f494-ed0b-44dc-8420-0c1ce8fc66f8
5493794051686:SUCCESS
5493794051686:ENCOLADO ans_d49f5e16-ee20-4bee-a1c1-85638ac51d27
EJECUTANDO:ans_d49f5e16-ee20-4bee-a1c1-85638ac51d27
5493794051686:SUCCESS
5493794051686:ENCOLADO ans_17759235-5135-46f5-9d08-7d399452118e
EJECUTANDO:ans_17759235-5135-46f5-9d08-7d399452118e
5493794051686:SUCCESS
5493794051686:ENCOLADO ans_17759235-5135-46f5-9d08-7d399452118e
EJECUTANDO:ans_17759235-5135-46f5-9d08-7d399452118e
5493794051686:SUCCESS
5493794051686:ENCOLADO ans_17759235-5135-46f5-9d08-7d399452118e
EJECUTANDO:ans_17759235-5135-46f5-9d08-7d399452118e
5493794051686:SUCCESS
